#
# A fatal error has been detected by the Java Runtime Environment:
#
#  SIGSEGV (0xb) at pc=0x00007fff90657e65, pid=982, tid=110959
#
# JRE version: Java(TM) SE Runtime Environment (7.0_51-b13) (build 1.7.0_51-b13)
# Java VM: Java HotSpot(TM) 64-Bit Server VM (24.51-b03 mixed mode bsd-amd64 compressed oops)
# Problematic frame:
# C  [libobjc.A.dylib+0x7e65]  _ZN12_GLOBAL__N_119AutoreleasePoolPage3popEPv+0x215
#
# Failed to write core dump. Core dumps have been disabled. To enable core dumping, try "ulimit -c unlimited" before starting Java again
#
# If you would like to submit a bug report, please visit:
#   http://bugreport.sun.com/bugreport/crash.jsp
# The crash happened outside the Java Virtual Machine in native code.
# See problematic frame for where to report the bug.
#

---------------  T H R E A D  ---------------

Current thread (0x00007fd2b4ff7800):  JavaThread "LWJGL Renderer Thread" [_thread_in_native, id=110959, stack(0x000000011a356000,0x000000011a456000)]

siginfo:si_signo=SIGSEGV: si_errno=0, si_code=1 (SEGV_MAPERR), si_addr=0x0000000000000010

Registers:
RAX=0x00007fd2b437e038, RBX=0x0000000000000000, RCX=0x00007fd2b437e038, RDX=0x0000000000031520
RSP=0x000000011a455210, RBP=0x000000011a455650, RSI=0x00007fff8dbc82ae, RDI=0x00007fd2b4b49038
R8 =0x0000000000000008, R9 =0x00007fd2b3c00000, R10=0x00007fd2b3c3d640, R11=0x00007fff73a7a5e0
R12=0xa3a3a3a3a3a3a3a3, R13=0x00007fff729c7070, R14=0x00007fd2b4b49038, R15=0x00007fd2b4b49000
RIP=0x00007fff90657e65, EFLAGS=0x0000000000010246, ERR=0x0000000000000004
  TRAPNO=0x000000000000000e

Top of Stack: (sp=0x000000011a455210)
0x000000011a455210:   0000000010000004 00007fd2b4b49038
0x000000011a455220:   00135f0000135f00 0000000010000004
0x000000011a455230:   000000011a455260 00007fd2b3f10740
0x000000011a455240:   000000011a455390 00007fff848db63f
0x000000011a455250:   0000000000000000 0000000103fc4a00
0x000000011a455260:   0000001800000011 0000000000000b03
0x000000011a455270:   00000000b4ff7800 000000010546445f
0x000000011a455280:   000000000000000b 00007fd2b3e41348
0x000000011a455290:   0000000103fc4a00 0000000000000002
0x000000011a4552a0:   000000011a4552e0 00007fff89c7fc70
0x000000011a4552b0:   0000000103fc4a00 0000000000000000
0x000000011a4552c0:   000000011a45533c 00007fff89c7fc70
0x000000011a4552d0:   000000011a455344 0000000000000000
0x000000011a4552e0:   000000011a45535c 000000011a455360
0x000000011a4552f0:   000000011a455364 00007fd2b3d23e60
0x000000011a455300:   ffffffffffffffff 0001206800000040
0x000000011a455310:   00007fd2b3d23e78 00007fd2b3d23e60
0x000000011a455320:   00007fff729c7070 0000000000000001
0x000000011a455330:   00007fff72d4f060 00007fd2b3d24b00
0x000000011a455340:   000000011a455380 00007fff89c7f9ea
0x000000011a455350:   00007fff74b0aa90 00007fd2b3c95d60
0x000000011a455360:   000000011a4553c0 00007fff74b0aa90
0x000000011a455370:   000000011a4553a0 00007fff90672225
0x000000011a455380:   000000011a455390 0000000103fc1000
0x000000011a455390:   000000011a455430 00007fff8bf25e7f
0x000000011a4553a0:   000000011a455400 00007fff9067197a
0x000000011a4553b0:   00007fd2b3c95d88 ffff802d4c36a2a0
0x000000011a4553c0:   00007fd2b49ab4e0 00007fd2b49ab600
0x000000011a4553d0:   00007fd2b63fc080 00007fd2b63cfd90
0x000000011a4553e0:   0000000000000003 00007fd2b63cfd90
0x000000011a4553f0:   00007fd2b6300000 0000000103fc0003
0x000000011a455400:   0000000103fc1000 00007fd2b3c95d60 

Instructions: (pc=0x00007fff90657e65)
0x00007fff90657e45:   74 15 81 3b a1 a1 a1 a1 74 0d be 01 00 00 00 48
0x00007fff90657e55:   89 df e8 64 a1 01 00 65 48 89 1c 25 58 01 00 00
0x00007fff90657e65:   48 8b 43 10 48 8d 4b 38 48 39 c8 74 cc 48 83 c3
0x00007fff90657e75:   10 48 8d 48 f8 48 89 0b 48 8b 78 f8 4c 89 60 f8 

Register to memory mapping:

RAX=0x00007fd2b437e038 is an unknown value
RBX=0x0000000000000000 is an unknown value
RCX=0x00007fd2b437e038 is an unknown value
RDX=0x0000000000031520 is an unknown value
RSP=0x000000011a455210 is pointing into the stack for thread: 0x00007fd2b4ff7800
RBP=0x000000011a455650 is pointing into the stack for thread: 0x00007fd2b4ff7800
RSI=0x00007fff8dbc82ae is an unknown value
RDI=0x00007fd2b4b49038 is an unknown value
R8 =0x0000000000000008 is an unknown value
R9 =0x00007fd2b3c00000 is an unknown value
R10=0x00007fd2b3c3d640 is an unknown value
R11=0x00007fff73a7a5e0: OBJC_CLASS_$_NSAutoreleasePool+0 in /System/Library/Frameworks/Foundation.framework/Versions/C/Foundation at 0x00007fff89666000
R12=0xa3a3a3a3a3a3a3a3 is an unknown value
R13=0x00007fff729c7070: __stack_chk_guard+0 in /usr/lib/system/libsystem_c.dylib at 0x00007fff83051000
R14=0x00007fd2b4b49038 is an unknown value
R15=0x00007fd2b4b49000 is an unknown value


Stack: [0x000000011a356000,0x000000011a456000],  sp=0x000000011a455210,  free space=1020k
Native frames: (J=compiled Java code, j=interpreted, Vv=VM code, C=native code)
C  [libobjc.A.dylib+0x7e65]  _ZN12_GLOBAL__N_119AutoreleasePoolPage3popEPv+0x215
C  [CoreFoundation+0x3a6f2]  _CFAutoreleasePoolPop+0x32
C  [Foundation+0x20832]  -[NSAutoreleasePool drain]+0x99
j  org.lwjgl.opengl.MacOSXDisplay.nDestroyWindow(Ljava/nio/ByteBuffer;)V+0
j  org.lwjgl.opengl.MacOSXDisplay.destroyWindow()V+43
j  org.lwjgl.opengl.Display.destroyWindow()V+46
j  org.lwjgl.opengl.Display.setDisplayMode(Lorg/lwjgl/opengl/DisplayMode;)V+34
j  com.jme3.system.lwjgl.LwjglDisplay.createContext(Lcom/jme3/system/AppSettings;)V+270
j  com.jme3.system.lwjgl.LwjglAbstractDisplay.initInThread()Z+25
j  com.jme3.system.lwjgl.LwjglAbstractDisplay.run()V+32
j  java.lang.Thread.run()V+11
v  ~StubRoutines::call_stub
V  [libjvm.dylib+0x2d6bb0]
V  [libjvm.dylib+0x2d70c7]
V  [libjvm.dylib+0x2d7204]
V  [libjvm.dylib+0x3261ea]
V  [libjvm.dylib+0x4efb57]
V  [libjvm.dylib+0x4f125f]
V  [libjvm.dylib+0x41b1d6]
C  [libsystem_pthread.dylib+0x405a]  _pthread_body+0x83
C  [libsystem_pthread.dylib+0x3fd7]  _pthread_body+0x0
C  [libsystem_pthread.dylib+0x13ed]  thread_start+0xd

Java frames: (J=compiled Java code, j=interpreted, Vv=VM code)
j  org.lwjgl.opengl.MacOSXDisplay.nDestroyWindow(Ljava/nio/ByteBuffer;)V+0
j  org.lwjgl.opengl.MacOSXDisplay.destroyWindow()V+43
j  org.lwjgl.opengl.Display.destroyWindow()V+46
j  org.lwjgl.opengl.Display.setDisplayMode(Lorg/lwjgl/opengl/DisplayMode;)V+34
j  com.jme3.system.lwjgl.LwjglDisplay.createContext(Lcom/jme3/system/AppSettings;)V+270
j  com.jme3.system.lwjgl.LwjglAbstractDisplay.initInThread()Z+25
j  com.jme3.system.lwjgl.LwjglAbstractDisplay.run()V+32
j  java.lang.Thread.run()V+11
v  ~StubRoutines::call_stub

---------------  P R O C E S S  ---------------

Java Threads: ( => current thread )
=>0x00007fd2b4ff7800 JavaThread "LWJGL Renderer Thread" [_thread_in_native, id=110959, stack(0x000000011a356000,0x000000011a456000)]
  0x00007fd2b525c000 JavaThread "jME3 Audio Thread" daemon [_thread_blocked, id=53007, stack(0x00000001155d4000,0x00000001156d4000)]
  0x00007fd2b5801000 JavaThread "DestroyJavaVM" [_thread_blocked, id=4867, stack(0x00000001040bd000,0x00000001041bd000)]
  0x00007fd2b4072800 JavaThread "LWJGL Renderer Thread" [_thread_blocked, id=53511, stack(0x0000000114454000,0x0000000114554000)]
  0x00007fd2b59f4000 JavaThread "TimerQueue" daemon [_thread_blocked, id=55887, stack(0x0000000116b9f000,0x0000000116c9f000)]
  0x00007fd2b592d800 JavaThread "Image Fetcher 0" daemon [_thread_blocked, id=51723, stack(0x0000000113b8a000,0x0000000113c8a000)]
  0x00007fd2b592b000 JavaThread "Timer-0" daemon [_thread_blocked, id=50463, stack(0x0000000113a87000,0x0000000113b87000)]
  0x00007fd2b50c9000 JavaThread "Java2D Disposer" daemon [_thread_blocked, id=48403, stack(0x000000011396d000,0x0000000113a6d000)]
  0x00007fd2b5892000 JavaThread "Java2D Queue Flusher" daemon [_thread_blocked, id=49415, stack(0x000000011299b000,0x0000000112a9b000)]
  0x00007fd2b4963000 JavaThread "AWT-EventQueue-0" [_thread_blocked, id=47627, stack(0x0000000112898000,0x0000000112998000)]
  0x00007fd2b504e000 JavaThread "AWT-Shutdown" [_thread_blocked, id=27667, stack(0x000000010fef1000,0x000000010fff1000)]
  0x00007fd2b4053000 JavaThread "AppKit Thread" daemon [_thread_in_native, id=1299, stack(0x00007fff5bbd9000,0x00007fff5bc59000)]
  0x00007fd2b4862800 JavaThread "Service Thread" daemon [_thread_blocked, id=17667, stack(0x000000010e38e000,0x000000010e48e000)]
  0x00007fd2b4861800 JavaThread "C2 CompilerThread1" daemon [_thread_blocked, id=17155, stack(0x000000010e28b000,0x000000010e38b000)]
  0x00007fd2b484e000 JavaThread "C2 CompilerThread0" daemon [_thread_blocked, id=16643, stack(0x000000010e188000,0x000000010e288000)]
  0x00007fd2b5829000 JavaThread "Signal Dispatcher" daemon [_thread_blocked, id=13335, stack(0x000000010e085000,0x000000010e185000)]
  0x00007fd2b4849000 JavaThread "Finalizer" daemon [_thread_blocked, id=11523, stack(0x000000010c665000,0x000000010c765000)]
  0x00007fd2b5813000 JavaThread "Reference Handler" daemon [_thread_blocked, id=11011, stack(0x000000010c562000,0x000000010c662000)]

Other Threads:
  0x00007fd2b4846800 VMThread [stack: 0x000000010c45f000,0x000000010c55f000] [id=10499]
  0x00007fd2b484c800 WatcherThread [stack: 0x000000010e491000,0x000000010e591000] [id=18179]

VM state:not at safepoint (normal execution)

VM Mutex/Monitor currently owned by a thread: None

Heap
 PSYoungGen      total 19456K, used 16507K [0x00000007eaa80000, 0x00000007ec000000, 0x0000000800000000)
  eden space 16896K, 82% used [0x00000007eaa80000,0x00000007eb821310,0x00000007ebb00000)
  from space 2560K, 99% used [0x00000007ebd80000,0x00000007ebffda38,0x00000007ec000000)
  to   space 2560K, 0% used [0x00000007ebb00000,0x00000007ebb00000,0x00000007ebd80000)
 ParOldGen       total 43520K, used 9317K [0x00000007c0000000, 0x00000007c2a80000, 0x00000007eaa80000)
  object space 43520K, 21% used [0x00000007c0000000,0x00000007c0919590,0x00000007c2a80000)
 PSPermGen       total 21504K, used 16378K [0x00000007bae00000, 0x00000007bc300000, 0x00000007c0000000)
  object space 21504K, 76% used [0x00000007bae00000,0x00000007bbdfebe0,0x00000007bc300000)

Card table byte_map: [0x0000000108524000,0x000000010874e000] byte_map_base: 0x000000010474d000

Polling page: 0x00000001041fc000

Code Cache  [0x0000000105464000, 0x00000001056d4000, 0x0000000108464000)
 total_blobs=697 nmethods=137 adapters=514 free_code_cache=48237Kb largest_free_block=49358144

Compilation events (10 events):
Event: 4.842 Thread 0x00007fd2b484e000  133             java.util.concurrent.atomic.AtomicInteger::get (5 bytes)
Event: 4.843 Thread 0x00007fd2b484e000 nmethod 133 0x0000000105543310 code [0x0000000105543440, 0x0000000105543498]
Event: 5.214 Thread 0x00007fd2b4861800  134             sun.awt.AppContext::getAppContext (51 bytes)
Event: 5.215 Thread 0x00007fd2b4861800 nmethod 134 0x0000000105542fd0 code [0x0000000105543120, 0x0000000105543208]
Event: 5.255 Thread 0x00007fd2b484e000  135             java.util.concurrent.locks.AbstractQueuedSynchronizer::getState (5 bytes)
Event: 5.255 Thread 0x00007fd2b484e000 nmethod 135 0x0000000105542dd0 code [0x0000000105542f00, 0x0000000105542f58]
Event: 5.314 Thread 0x00007fd2b4861800  136             java.awt.Component::getParent_NoClientCode (5 bytes)
Event: 5.314 Thread 0x00007fd2b4861800 nmethod 136 0x0000000105538250 code [0x0000000105538380, 0x00000001055383f8]
Event: 5.314 Thread 0x00007fd2b484e000  137             java.awt.Component::getParent (5 bytes)
Event: 5.315 Thread 0x00007fd2b484e000 nmethod 137 0x0000000105538050 code [0x0000000105538180, 0x00000001055381f8]

GC Heap History (4 events):
Event: 2.953 GC heap before
{Heap before GC invocations=1 (full 0):
 PSYoungGen      total 19456K, used 16896K [0x00000007eaa80000, 0x00000007ec000000, 0x0000000800000000)
  eden space 16896K, 100% used [0x00000007eaa80000,0x00000007ebb00000,0x00000007ebb00000)
  from space 2560K, 0% used [0x00000007ebd80000,0x00000007ebd80000,0x00000007ec000000)
  to   space 2560K, 0% used [0x00000007ebb00000,0x00000007ebb00000,0x00000007ebd80000)
 ParOldGen       total 43520K, used 0K [0x00000007c0000000, 0x00000007c2a80000, 0x00000007eaa80000)
  object space 43520K, 0% used [0x00000007c0000000,0x00000007c0000000,0x00000007c2a80000)
 PSPermGen       total 21504K, used 14423K [0x00000007bae00000, 0x00000007bc300000, 0x00000007c0000000)
  object space 21504K, 67% used [0x00000007bae00000,0x00000007bbc15f90,0x00000007bc300000)
Event: 2.963 GC heap after
Heap after GC invocations=1 (full 0):
 PSYoungGen      total 19456K, used 2560K [0x00000007eaa80000, 0x00000007ec000000, 0x0000000800000000)
  eden space 16896K, 0% used [0x00000007eaa80000,0x00000007eaa80000,0x00000007ebb00000)
  from space 2560K, 100% used [0x00000007ebb00000,0x00000007ebd80000,0x00000007ebd80000)
  to   space 2560K, 0% used [0x00000007ebd80000,0x00000007ebd80000,0x00000007ec000000)
 ParOldGen       total 43520K, used 4873K [0x00000007c0000000, 0x00000007c2a80000, 0x00000007eaa80000)
  object space 43520K, 11% used [0x00000007c0000000,0x00000007c04c2540,0x00000007c2a80000)
 PSPermGen       total 21504K, used 14423K [0x00000007bae00000, 0x00000007bc300000, 0x00000007c0000000)
  object space 21504K, 67% used [0x00000007bae00000,0x00000007bbc15f90,0x00000007bc300000)
}
Event: 3.538 GC heap before
{Heap before GC invocations=2 (full 0):
 PSYoungGen      total 19456K, used 19456K [0x00000007eaa80000, 0x00000007ec000000, 0x0000000800000000)
  eden space 16896K, 100% used [0x00000007eaa80000,0x00000007ebb00000,0x00000007ebb00000)
  from space 2560K, 100% used [0x00000007ebb00000,0x00000007ebd80000,0x00000007ebd80000)
  to   space 2560K, 0% used [0x00000007ebd80000,0x00000007ebd80000,0x00000007ec000000)
 ParOldGen       total 43520K, used 4873K [0x00000007c0000000, 0x00000007c2a80000, 0x00000007eaa80000)
  object space 43520K, 11% used [0x00000007c0000000,0x00000007c04c2540,0x00000007c2a80000)
 PSPermGen       total 21504K, used 16299K [0x00000007bae00000, 0x00000007bc300000, 0x00000007c0000000)
  object space 21504K, 75% used [0x00000007bae00000,0x00000007bbdeaed0,0x00000007bc300000)
Event: 3.547 GC heap after
Heap after GC invocations=2 (full 0):
 PSYoungGen      total 19456K, used 2550K [0x00000007eaa80000, 0x00000007ec000000, 0x0000000800000000)
  eden space 16896K, 0% used [0x00000007eaa80000,0x00000007eaa80000,0x00000007ebb00000)
  from space 2560K, 99% used [0x00000007ebd80000,0x00000007ebffda38,0x00000007ec000000)
  to   space 2560K, 0% used [0x00000007ebb00000,0x00000007ebb00000,0x00000007ebd80000)
 ParOldGen       total 43520K, used 9317K [0x00000007c0000000, 0x00000007c2a80000, 0x00000007eaa80000)
  object space 43520K, 21% used [0x00000007c0000000,0x00000007c0919590,0x00000007c2a80000)
 PSPermGen       total 21504K, used 16299K [0x00000007bae00000, 0x00000007bc300000, 0x00000007c0000000)
  object space 21504K, 75% used [0x00000007bae00000,0x00000007bbdeaed0,0x00000007bc300000)
}

Deoptimization events (2 events):
Event: 3.419 Thread 0x00007fd2b4072800 Uncommon trap: reason=range_check action=make_not_entrant pc=0x000000010552a118 method=com.jme3.terrain.GeoMap.getValue(II)F @ 12
Event: 3.593 Thread 0x00007fd2b4072800 Uncommon trap: reason=unreached action=reinterpret pc=0x0000000105521908 method=com.jme3.math.Vector3f.mult(Lcom/jme3/math/Vector3f;Lcom/jme3/math/Vector3f;)Lcom/jme3/math/Vector3f; @ 16

Internal exceptions (10 events):
Event: 3.294 Thread 0x00007fd2b4072800 Threw 0x00000007eb3a7888 at /HUDSON/workspace/7u-2-build-macosx-x86_64/jdk7u51/527/hotspot/src/share/vm/prims/jvm.cpp:1244
Event: 3.554 Thread 0x00007fd2b4072800 Threw 0x00000007eaac9258 at /HUDSON/workspace/7u-2-build-macosx-x86_64/jdk7u51/527/hotspot/src/share/vm/prims/jvm.cpp:1244
Event: 3.554 Thread 0x00007fd2b4072800 Threw 0x00000007eaacb758 at /HUDSON/workspace/7u-2-build-macosx-x86_64/jdk7u51/527/hotspot/src/share/vm/prims/jvm.cpp:1244
Event: 3.633 Thread 0x00007fd2b4072800 Threw 0x00000007eb4eda30 at /HUDSON/workspace/7u-2-build-macosx-x86_64/jdk7u51/527/hotspot/src/share/vm/prims/jvm.cpp:1244
Event: 3.634 Thread 0x00007fd2b4072800 Threw 0x00000007eb4f1ed0 at /HUDSON/workspace/7u-2-build-macosx-x86_64/jdk7u51/527/hotspot/src/share/vm/prims/jvm.cpp:1244
Event: 3.636 Thread 0x00007fd2b4072800 Threw 0x00000007eb4f7108 at /HUDSON/workspace/7u-2-build-macosx-x86_64/jdk7u51/527/hotspot/src/share/vm/prims/jvm.cpp:1244
Event: 3.638 Thread 0x00007fd2b4072800 Threw 0x00000007eb502418 at /HUDSON/workspace/7u-2-build-macosx-x86_64/jdk7u51/527/hotspot/src/share/vm/prims/jvm.cpp:1244
Event: 3.638 Thread 0x00007fd2b4072800 Threw 0x00000007eb505b08 at /HUDSON/workspace/7u-2-build-macosx-x86_64/jdk7u51/527/hotspot/src/share/vm/prims/jvm.cpp:1244
Event: 3.644 Thread 0x00007fd2b4963000 Threw 0x00000007eb53ca88 at /HUDSON/workspace/7u-2-build-macosx-x86_64/jdk7u51/527/hotspot/src/share/vm/prims/jvm.cpp:1244
Event: 3.645 Thread 0x00007fd2b4963000 Threw 0x00000007eb5411e0 at /HUDSON/workspace/7u-2-build-macosx-x86_64/jdk7u51/527/hotspot/src/share/vm/prims/jvm.cpp:1244

Events (10 events):
Event: 3.637 loading class 0x00007fd2b3e060c0 done
Event: 3.638 loading class 0x00007fd2b3f64200
Event: 3.638 loading class 0x00007fd2b3f64200 done
Event: 3.642 loading class 0x00007fd2b515ac70
Event: 3.642 loading class 0x00007fd2b515ac70 done
Event: 3.644 loading class 0x00007fd2b3e0d150
Event: 3.644 loading class 0x00007fd2b3e0d150 done
Event: 4.096 Executing VM operation: EnableBiasedLocking
Event: 4.096 Executing VM operation: EnableBiasedLocking done
Event: 5.292 Thread 0x00007fd2b4ff7800 Thread added: 0x00007fd2b4ff7800


Dynamic libraries:
0x0000000002886000 	/System/Library/Frameworks/Cocoa.framework/Versions/A/Cocoa
0x0000000002886000 	/System/Library/Frameworks/Security.framework/Versions/A/Security
0x0000000002886000 	/System/Library/Frameworks/ApplicationServices.framework/Versions/A/ApplicationServices
0x0000000002886000 	/usr/lib/libz.1.dylib
0x0000000002886000 	/usr/lib/libSystem.B.dylib
0x0000000002886000 	/usr/lib/libobjc.A.dylib
0x0000000002886000 	/System/Library/Frameworks/CoreFoundation.framework/Versions/A/CoreFoundation
0x0000000002886000 	/System/Library/Frameworks/Foundation.framework/Versions/C/Foundation
0x0000000002886000 	/System/Library/Frameworks/AppKit.framework/Versions/C/AppKit
0x0000000002886000 	/System/Library/Frameworks/CoreData.framework/Versions/A/CoreData
0x0000000002886000 	/System/Library/PrivateFrameworks/RemoteViewServices.framework/Versions/A/RemoteViewServices
0x0000000002886000 	/System/Library/PrivateFrameworks/UIFoundation.framework/Versions/A/UIFoundation
0x0000000002886000 	/System/Library/Frameworks/IOSurface.framework/Versions/A/IOSurface
0x0000000002886000 	/System/Library/Frameworks/AudioToolbox.framework/Versions/A/AudioToolbox
0x0000000002886000 	/System/Library/Frameworks/AudioUnit.framework/Versions/A/AudioUnit
0x0000000002886000 	/System/Library/PrivateFrameworks/DataDetectorsCore.framework/Versions/A/DataDetectorsCore
0x0000000002886000 	/System/Library/PrivateFrameworks/DesktopServicesPriv.framework/Versions/A/DesktopServicesPriv
0x0000000002886000 	/System/Library/Frameworks/Carbon.framework/Versions/A/Frameworks/HIToolbox.framework/Versions/A/HIToolbox
0x0000000002886000 	/System/Library/Frameworks/QuartzCore.framework/Versions/A/QuartzCore
0x0000000002886000 	/System/Library/Frameworks/Carbon.framework/Versions/A/Frameworks/SpeechRecognition.framework/Versions/A/SpeechRecognition
0x0000000002886000 	/usr/lib/libauto.dylib
0x0000000002886000 	/usr/lib/libicucore.A.dylib
0x0000000002886000 	/usr/lib/libxml2.2.dylib
0x0000000002886000 	/System/Library/PrivateFrameworks/CoreUI.framework/Versions/A/CoreUI
0x0000000002886000 	/System/Library/Frameworks/CoreAudio.framework/Versions/A/CoreAudio
0x0000000002886000 	/System/Library/Frameworks/DiskArbitration.framework/Versions/A/DiskArbitration
0x0000000002886000 	/usr/lib/liblangid.dylib
0x0000000002886000 	/System/Library/PrivateFrameworks/MultitouchSupport.framework/Versions/A/MultitouchSupport
0x0000000002886000 	/System/Library/Frameworks/IOKit.framework/Versions/A/IOKit
0x0000000002886000 	/usr/lib/libDiagnosticMessagesClient.dylib
0x0000000002886000 	/System/Library/Frameworks/CoreServices.framework/Versions/A/CoreServices
0x0000000002886000 	/System/Library/PrivateFrameworks/PerformanceAnalysis.framework/Versions/A/PerformanceAnalysis
0x0000000002886000 	/System/Library/PrivateFrameworks/GenerationalStorage.framework/Versions/A/GenerationalStorage
0x0000000002886000 	/System/Library/Frameworks/OpenGL.framework/Versions/A/OpenGL
0x0000000002886000 	/System/Library/PrivateFrameworks/Sharing.framework/Versions/A/Sharing
0x0000000002886000 	/System/Library/Frameworks/CoreGraphics.framework/Versions/A/CoreGraphics
0x0000000002886000 	/System/Library/Frameworks/CoreText.framework/Versions/A/CoreText
0x0000000002886000 	/System/Library/Frameworks/ImageIO.framework/Versions/A/ImageIO
0x0000000002886000 	/usr/lib/libextension.dylib
0x0000000002886000 	/System/Library/PrivateFrameworks/Backup.framework/Versions/A/Backup
0x0000000002886000 	/usr/lib/libarchive.2.dylib
0x0000000002886000 	/System/Library/Frameworks/CFNetwork.framework/Versions/A/CFNetwork
0x0000000002886000 	/System/Library/Frameworks/SystemConfiguration.framework/Versions/A/SystemConfiguration
0x0000000002886000 	/usr/lib/libCRFSuite.dylib
0x0000000002886000 	/usr/lib/libc++.1.dylib
0x0000000002886000 	/usr/lib/libc++abi.dylib
0x0000000002886000 	/usr/lib/system/libcache.dylib
0x0000000002886000 	/usr/lib/system/libcommonCrypto.dylib
0x0000000002886000 	/usr/lib/system/libcompiler_rt.dylib
0x0000000002886000 	/usr/lib/system/libcopyfile.dylib
0x0000000002886000 	/usr/lib/system/libcorecrypto.dylib
0x0000000002886000 	/usr/lib/system/libdispatch.dylib
0x0000000002886000 	/usr/lib/system/libdyld.dylib
0x0000000002886000 	/usr/lib/system/libkeymgr.dylib
0x0000000002886000 	/usr/lib/system/liblaunch.dylib
0x0000000002886000 	/usr/lib/system/libmacho.dylib
0x0000000002886000 	/usr/lib/system/libquarantine.dylib
0x0000000002886000 	/usr/lib/system/libremovefile.dylib
0x0000000002886000 	/usr/lib/system/libsystem_asl.dylib
0x0000000002886000 	/usr/lib/system/libsystem_blocks.dylib
0x0000000002886000 	/usr/lib/system/libsystem_c.dylib
0x0000000002886000 	/usr/lib/system/libsystem_configuration.dylib
0x0000000002886000 	/usr/lib/system/libsystem_coreservices.dylib
0x0000000002886000 	/usr/lib/system/libsystem_coretls.dylib
0x0000000002886000 	/usr/lib/system/libsystem_dnssd.dylib
0x0000000002886000 	/usr/lib/system/libsystem_info.dylib
0x0000000002886000 	/usr/lib/system/libsystem_kernel.dylib
0x0000000002886000 	/usr/lib/system/libsystem_m.dylib
0x0000000002886000 	/usr/lib/system/libsystem_malloc.dylib
0x0000000002886000 	/usr/lib/system/libsystem_network.dylib
0x0000000002886000 	/usr/lib/system/libsystem_networkextension.dylib
0x0000000002886000 	/usr/lib/system/libsystem_notify.dylib
0x0000000002886000 	/usr/lib/system/libsystem_platform.dylib
0x0000000002886000 	/usr/lib/system/libsystem_pthread.dylib
0x0000000002886000 	/usr/lib/system/libsystem_sandbox.dylib
0x0000000002886000 	/usr/lib/system/libsystem_secinit.dylib
0x0000000002886000 	/usr/lib/system/libsystem_stats.dylib
0x0000000002886000 	/usr/lib/system/libsystem_trace.dylib
0x0000000002886000 	/usr/lib/system/libunc.dylib
0x0000000002886000 	/usr/lib/system/libunwind.dylib
0x0000000002886000 	/usr/lib/system/libxpc.dylib
0x0000000002886000 	/usr/lib/libbz2.1.0.dylib
0x0000000002886000 	/usr/lib/liblzma.5.dylib
0x0000000002886000 	/usr/lib/libbsm.0.dylib
0x0000000002886000 	/usr/lib/libsqlite3.dylib
0x0000000002886000 	/usr/lib/system/libkxld.dylib
0x0000000002886000 	/usr/lib/libxar.1.dylib
0x0000000002886000 	/usr/lib/libpam.2.dylib
0x0000000002886000 	/usr/lib/libOpenScriptingUtil.dylib
0x0000000002886000 	/System/Library/Frameworks/CoreServices.framework/Versions/A/Frameworks/FSEvents.framework/Versions/A/FSEvents
0x0000000002886000 	/System/Library/Frameworks/CoreServices.framework/Versions/A/Frameworks/CarbonCore.framework/Versions/A/CarbonCore
0x0000000002886000 	/System/Library/Frameworks/CoreServices.framework/Versions/A/Frameworks/Metadata.framework/Versions/A/Metadata
0x0000000002886000 	/System/Library/Frameworks/CoreServices.framework/Versions/A/Frameworks/OSServices.framework/Versions/A/OSServices
0x0000000002886000 	/System/Library/Frameworks/CoreServices.framework/Versions/A/Frameworks/SearchKit.framework/Versions/A/SearchKit
0x0000000002886000 	/System/Library/Frameworks/CoreServices.framework/Versions/A/Frameworks/AE.framework/Versions/A/AE
0x0000000002886000 	/System/Library/Frameworks/CoreServices.framework/Versions/A/Frameworks/LaunchServices.framework/Versions/A/LaunchServices
0x0000000002886000 	/System/Library/Frameworks/CoreServices.framework/Versions/A/Frameworks/DictionaryServices.framework/Versions/A/DictionaryServices
0x0000000002886000 	/System/Library/Frameworks/NetFS.framework/Versions/A/NetFS
0x0000000002886000 	/System/Library/PrivateFrameworks/NetAuth.framework/Versions/A/NetAuth
0x0000000002886000 	/System/Library/PrivateFrameworks/login.framework/Versions/A/Frameworks/loginsupport.framework/Versions/A/loginsupport
0x0000000002886000 	/System/Library/PrivateFrameworks/TCC.framework/Versions/A/TCC
0x0000000002886000 	/usr/lib/libmecabra.dylib
0x0000000002886000 	/System/Library/Frameworks/ApplicationServices.framework/Versions/A/Frameworks/ATS.framework/Versions/A/ATS
0x0000000002886000 	/System/Library/Frameworks/ApplicationServices.framework/Versions/A/Frameworks/ColorSync.framework/Versions/A/ColorSync
0x0000000002886000 	/System/Library/Frameworks/ApplicationServices.framework/Versions/A/Frameworks/HIServices.framework/Versions/A/HIServices
0x0000000002886000 	/System/Library/Frameworks/ApplicationServices.framework/Versions/A/Frameworks/LangAnalysis.framework/Versions/A/LangAnalysis
0x0000000002886000 	/System/Library/Frameworks/ApplicationServices.framework/Versions/A/Frameworks/PrintCore.framework/Versions/A/PrintCore
0x0000000002886000 	/System/Library/Frameworks/ApplicationServices.framework/Versions/A/Frameworks/QD.framework/Versions/A/QD
0x0000000002886000 	/System/Library/Frameworks/ApplicationServices.framework/Versions/A/Frameworks/SpeechSynthesis.framework/Versions/A/SpeechSynthesis
0x0000000002886000 	/System/Library/Frameworks/Accelerate.framework/Versions/A/Accelerate
0x0000000002886000 	/System/Library/Frameworks/Accelerate.framework/Versions/A/Frameworks/vImage.framework/Versions/A/vImage
0x0000000002886000 	/System/Library/Frameworks/Accelerate.framework/Versions/A/Frameworks/vecLib.framework/Versions/A/vecLib
0x0000000002886000 	/System/Library/Frameworks/Accelerate.framework/Versions/A/Frameworks/vecLib.framework/Versions/A/libvDSP.dylib
0x0000000002886000 	/System/Library/Frameworks/Accelerate.framework/Versions/A/Frameworks/vecLib.framework/Versions/A/libvMisc.dylib
0x0000000002886000 	/System/Library/Frameworks/Accelerate.framework/Versions/A/Frameworks/vecLib.framework/Versions/A/libLAPACK.dylib
0x0000000002886000 	/System/Library/Frameworks/Accelerate.framework/Versions/A/Frameworks/vecLib.framework/Versions/A/libBLAS.dylib
0x0000000002886000 	/System/Library/Frameworks/Accelerate.framework/Versions/A/Frameworks/vecLib.framework/Versions/A/libLinearAlgebra.dylib
0x0000000002886000 	/System/Library/Frameworks/ApplicationServices.framework/Versions/A/Frameworks/ATS.framework/Versions/A/Resources/libFontParser.dylib
0x0000000002886000 	/System/Library/Frameworks/ApplicationServices.framework/Versions/A/Frameworks/ATS.framework/Versions/A/Resources/libFontRegistry.dylib
0x0000000002886000 	/System/Library/PrivateFrameworks/AppleVPA.framework/Versions/A/AppleVPA
0x0000000002886000 	/System/Library/PrivateFrameworks/AppleJPEG.framework/Versions/A/AppleJPEG
0x0000000002886000 	/System/Library/Frameworks/ImageIO.framework/Versions/A/Resources/libJPEG.dylib
0x0000000002886000 	/System/Library/Frameworks/ImageIO.framework/Versions/A/Resources/libTIFF.dylib
0x0000000002886000 	/System/Library/Frameworks/ImageIO.framework/Versions/A/Resources/libPng.dylib
0x0000000002886000 	/System/Library/Frameworks/ImageIO.framework/Versions/A/Resources/libGIF.dylib
0x0000000002886000 	/System/Library/Frameworks/ImageIO.framework/Versions/A/Resources/libJP2.dylib
0x0000000002886000 	/System/Library/Frameworks/ImageIO.framework/Versions/A/Resources/libRadiance.dylib
0x0000000002886000 	/System/Library/Frameworks/CoreVideo.framework/Versions/A/CoreVideo
0x0000000002886000 	/System/Library/Frameworks/OpenGL.framework/Versions/A/Libraries/libGLU.dylib
0x0000000002886000 	/System/Library/Frameworks/OpenGL.framework/Versions/A/Libraries/libGFXShared.dylib
0x0000000002886000 	/System/Library/Frameworks/OpenGL.framework/Versions/A/Libraries/libGL.dylib
0x0000000002886000 	/System/Library/Frameworks/OpenGL.framework/Versions/A/Libraries/libGLImage.dylib
0x0000000002886000 	/System/Library/Frameworks/OpenGL.framework/Versions/A/Libraries/libCVMSPluginSupport.dylib
0x0000000002886000 	/System/Library/Frameworks/OpenGL.framework/Versions/A/Libraries/libCoreVMClient.dylib
0x0000000002886000 	/usr/lib/libcups.2.dylib
0x0000000002886000 	/System/Library/Frameworks/Kerberos.framework/Versions/A/Kerberos
0x0000000002886000 	/System/Library/Frameworks/GSS.framework/Versions/A/GSS
0x0000000002886000 	/usr/lib/libresolv.9.dylib
0x0000000002886000 	/usr/lib/libiconv.2.dylib
0x0000000002886000 	/System/Library/PrivateFrameworks/Heimdal.framework/Versions/A/Heimdal
0x0000000002886000 	/usr/lib/libheimdal-asn1.dylib
0x0000000002886000 	/System/Library/Frameworks/OpenDirectory.framework/Versions/A/OpenDirectory
0x0000000002886000 	/System/Library/PrivateFrameworks/CommonAuth.framework/Versions/A/CommonAuth
0x0000000002886000 	/System/Library/Frameworks/OpenDirectory.framework/Versions/A/Frameworks/CFOpenDirectory.framework/Versions/A/CFOpenDirectory
0x0000000002886000 	/System/Library/Frameworks/SecurityFoundation.framework/Versions/A/SecurityFoundation
0x0000000002886000 	/System/Library/PrivateFrameworks/LanguageModeling.framework/Versions/A/LanguageModeling
0x0000000002886000 	/usr/lib/libcmph.dylib
0x0000000002886000 	/System/Library/Frameworks/ServiceManagement.framework/Versions/A/ServiceManagement
0x0000000002886000 	/usr/lib/libxslt.1.dylib
0x0000000002886000 	/System/Library/Frameworks/Carbon.framework/Versions/A/Frameworks/Ink.framework/Versions/A/Ink
0x0000000002886000 	/System/Library/Frameworks/QuartzCore.framework/Versions/A/Frameworks/CoreImage.framework/Versions/A/CoreImage
0x0000000002886000 	/System/Library/PrivateFrameworks/CrashReporterSupport.framework/Versions/A/CrashReporterSupport
0x0000000002886000 	/System/Library/Frameworks/OpenCL.framework/Versions/A/OpenCL
0x0000000002886000 	/System/Library/PrivateFrameworks/FaceCore.framework/Versions/A/FaceCore
0x0000000002886000 	/System/Library/PrivateFrameworks/Ubiquity.framework/Versions/A/Ubiquity
0x0000000002886000 	/System/Library/PrivateFrameworks/IconServices.framework/Versions/A/IconServices
0x0000000002886000 	/System/Library/PrivateFrameworks/ChunkingLibrary.framework/Versions/A/ChunkingLibrary
0x0000000002886000 	/System/Library/PrivateFrameworks/Apple80211.framework/Versions/A/Apple80211
0x0000000002886000 	/System/Library/Frameworks/CoreWLAN.framework/Versions/A/CoreWLAN
0x0000000002886000 	/System/Library/Frameworks/IOBluetooth.framework/Versions/A/IOBluetooth
0x0000000002886000 	/System/Library/PrivateFrameworks/CoreWiFi.framework/Versions/A/CoreWiFi
0x0000000002886000 	/System/Library/Frameworks/CoreBluetooth.framework/Versions/A/CoreBluetooth
0x0000000002886000 	/System/Library/PrivateFrameworks/DebugSymbols.framework/Versions/A/DebugSymbols
0x0000000002886000 	/System/Library/PrivateFrameworks/CoreSymbolication.framework/Versions/A/CoreSymbolication
0x0000000002886000 	/System/Library/PrivateFrameworks/Symbolication.framework/Versions/A/Symbolication
0x0000000002886000 	/System/Library/PrivateFrameworks/SpeechRecognitionCore.framework/Versions/A/SpeechRecognitionCore
0x0000000104a00000 	/Applications/jMonkeyPlatform.app/Contents/Resources/jmonkeyplatform/jdk/jre/lib/server/libjvm.dylib
0x0000000002886000 	/usr/lib/libstdc++.6.dylib
0x00000001041bf000 	/Applications/jMonkeyPlatform.app/Contents/Resources/jmonkeyplatform/jdk/jre/lib/libverify.dylib
0x00000001041cc000 	/Applications/jMonkeyPlatform.app/Contents/Resources/jmonkeyplatform/jdk/jre/lib/libjava.dylib
0x000000010545b000 	/Applications/jMonkeyPlatform.app/Contents/Resources/jmonkeyplatform/jdk/jre/lib/libzip.dylib
0x000000010c767000 	/System/Library/Frameworks/JavaVM.framework/Frameworks/JavaRuntimeSupport.framework/JavaRuntimeSupport
0x000000010c77d000 	/System/Library/Frameworks/JavaVM.framework/Versions/A/Frameworks/JavaNativeFoundation.framework/Versions/A/JavaNativeFoundation
0x000000010c791000 	/System/Library/Frameworks/JavaVM.framework/Versions/A/JavaVM
0x0000000002886000 	/System/Library/Frameworks/Carbon.framework/Versions/A/Carbon
0x000000010c79d000 	/System/Library/PrivateFrameworks/JavaLaunching.framework/Versions/A/JavaLaunching
0x0000000002886000 	/System/Library/Frameworks/Carbon.framework/Versions/A/Frameworks/CommonPanels.framework/Versions/A/CommonPanels
0x0000000002886000 	/System/Library/Frameworks/Carbon.framework/Versions/A/Frameworks/Help.framework/Versions/A/Help
0x0000000002886000 	/System/Library/Frameworks/Carbon.framework/Versions/A/Frameworks/ImageCapture.framework/Versions/A/ImageCapture
0x0000000002886000 	/System/Library/Frameworks/Carbon.framework/Versions/A/Frameworks/OpenScripting.framework/Versions/A/OpenScripting
0x0000000002886000 	/System/Library/Frameworks/Carbon.framework/Versions/A/Frameworks/Print.framework/Versions/A/Print
0x0000000002886000 	/System/Library/Frameworks/Carbon.framework/Versions/A/Frameworks/SecurityHI.framework/Versions/A/SecurityHI
0x000000010e604000 	/Applications/jMonkeyPlatform.app/Contents/Resources/jmonkeyplatform/jdk/jre/lib/libawt.dylib
0x000000010e6b3000 	/Applications/jMonkeyPlatform.app/Contents/Resources/jmonkeyplatform/jdk/jre/lib/./libmlib_image.dylib
0x000000010e77f000 	/Applications/jMonkeyPlatform.app/Contents/Resources/jmonkeyplatform/jdk/jre/lib/lwawt/liblwawt.dylib
0x000000010e833000 	/Applications/jMonkeyPlatform.app/Contents/Resources/jmonkeyplatform/jdk/jre/lib/libosxapp.dylib
0x0000000002886000 	/System/Library/Frameworks/ExceptionHandling.framework/Versions/A/ExceptionHandling
0x0000000002886000 	/System/Library/PrivateFrameworks/CoreServicesInternal.framework/Versions/A/CoreServicesInternal
0x0000000002886000 	/System/Library/PrivateFrameworks/CloudDocs.framework/Versions/A/CloudDocs
0x0000000002886000 	/System/Library/PrivateFrameworks/CoreDuet.framework/Versions/A/CoreDuet
0x0000000002886000 	/System/Library/Frameworks/CloudKit.framework/Versions/A/CloudKit
0x0000000002886000 	/System/Library/PrivateFrameworks/ProtocolBuffer.framework/Versions/A/ProtocolBuffer
0x0000000002886000 	/System/Library/PrivateFrameworks/CoreDuetDaemonProtocol.framework/Versions/A/CoreDuetDaemonProtocol
0x0000000002886000 	/System/Library/PrivateFrameworks/CoreDuetDebugLogging.framework/Versions/A/CoreDuetDebugLogging
0x0000000002886000 	/System/Library/PrivateFrameworks/MMCS.framework/Versions/A/MMCS
0x0000000002886000 	/System/Library/Frameworks/CoreLocation.framework/Versions/A/CoreLocation
0x0000000002886000 	/System/Library/PrivateFrameworks/ProtectedCloudStorage.framework/Versions/A/ProtectedCloudStorage
0x0000000002886000 	/System/Library/PrivateFrameworks/GeoServices.framework/Versions/A/GeoServices
0x0000000002886000 	/System/Library/Frameworks/CoreGraphics.framework/Versions/A/Resources/libCGCMS.A.dylib
0x0000000002886000 	/System/Library/Frameworks/CoreGraphics.framework/Versions/A/Resources/libRIP.A.dylib
0x0000000002886000 	/System/Library/Frameworks/CoreGraphics.framework/Versions/A/Resources/libCGXType.A.dylib
0x0000000002886000 	/System/Library/Frameworks/OpenCL.framework/Versions/A/Libraries/libcldcpuengine.dylib
0x0000000002886000 	/System/Library/PrivateFrameworks/DiskImages.framework/Versions/A/DiskImages
0x0000000002886000 	/System/Library/Frameworks/DiscRecording.framework/Versions/A/DiscRecording
0x0000000002886000 	/usr/lib/libcsfde.dylib
0x0000000002886000 	/usr/lib/libcurl.4.dylib
0x0000000002886000 	/System/Library/PrivateFrameworks/MediaKit.framework/Versions/A/MediaKit
0x0000000002886000 	/usr/lib/libCoreStorage.dylib
0x0000000002886000 	/System/Library/PrivateFrameworks/EFILogin.framework/Versions/A/EFILogin
0x0000000002886000 	/usr/lib/libutil.dylib
0x0000000002886000 	/System/Library/PrivateFrameworks/FindMyDevice.framework/Versions/A/FindMyDevice
0x0000000002886000 	/System/Library/Frameworks/LDAP.framework/Versions/A/LDAP
0x0000000002886000 	/usr/lib/libsasl2.2.dylib
0x0000000002886000 	/System/Library/PrivateFrameworks/CoreDaemon.framework/Versions/B/CoreDaemon
0x0000000002886000 	/usr/lib/libcrypto.0.9.8.dylib
0x0000000002886000 	/System/Library/PrivateFrameworks/AppleSRP.framework/Versions/A/AppleSRP
0x0000000002886000 	/System/Library/PrivateFrameworks/TrustEvaluationAgent.framework/Versions/A/TrustEvaluationAgent
0x000000011166b000 	cl_kernels
0x000000011166d000 	/System/Library/Frameworks/OpenCL.framework/Versions/A/Libraries/ImageFormats/unorm8_bgra.dylib
0x000000011165c000 	cl_kernels
0x0000000002886000 	/System/Library/PrivateFrameworks/FamilyControls.framework/Versions/A/FamilyControls
0x0000000002886000 	/System/Library/PrivateFrameworks/CommerceKit.framework/Versions/A/Frameworks/CommerceCore.framework/Versions/A/CommerceCore
0x0000000002886000 	/System/Library/PrivateFrameworks/SystemAdministration.framework/Versions/A/SystemAdministration
0x0000000002886000 	/System/Library/PrivateFrameworks/AppContainer.framework/Versions/A/AppContainer
0x0000000002886000 	/System/Library/PrivateFrameworks/SecCodeWrapper.framework/Versions/A/SecCodeWrapper
0x0000000002886000 	/System/Library/Frameworks/DirectoryService.framework/Versions/A/DirectoryService
0x0000000002886000 	/System/Library/PrivateFrameworks/LoginUIKit.framework/Versions/A/Frameworks/LoginUICore.framework/Versions/A/LoginUICore
0x0000000002886000 	/usr/lib/libodfde.dylib
0x0000000112830000 	/Applications/jMonkeyPlatform.app/Contents/Resources/jmonkeyplatform/jdk/jre/lib/libfontmanager.dylib
0x0000000002886000 	/System/Library/Frameworks/OpenGL.framework/Versions/A/Resources/GLEngine.bundle/GLEngine
0x0000000002886000 	/System/Library/Frameworks/OpenGL.framework/Versions/A/Libraries/libGLProgrammability.dylib
0x0000000112a9d000 	/System/Library/Extensions/AppleIntelHD4000GraphicsGLDriver.bundle/Contents/MacOS/AppleIntelHD4000GraphicsGLDriver
0x0000000002886000 	/System/Library/PrivateFrameworks/IOAccelerator.framework/Versions/A/IOAccelerator
0x0000000002886000 	/System/Library/PrivateFrameworks/GPUSupport.framework/Versions/A/Libraries/libGPUSupportMercury.dylib
0x0000000002886000 	/System/Library/Frameworks/OpenGL.framework/Versions/A/Resources/GLRendererFloat.bundle/GLRendererFloat
0x0000000113a6f000 	/Applications/jMonkeyPlatform.app/Contents/Resources/jmonkeyplatform/jdk/jre/lib/libosxui.dylib
0x0000000113a78000 	/Applications/jMonkeyPlatform.app/Contents/Resources/jmonkeyplatform/jdk/jre/lib/libosx.dylib
0x0000000114e8b000 	/Applications/jMonkeyPlatform.app/Contents/Resources/jmonkeyplatform/jdk/jre/lib/libnet.dylib
0x0000000114ea0000 	/Applications/jMonkeyPlatform.app/Contents/Resources/jmonkeyplatform/jdk/jre/lib/libnio.dylib
0x0000000002886000 	/System/Library/Frameworks/Accelerate.framework/Versions/A/Frameworks/vImage.framework/Versions/A/Libraries/libCGInterfaces.dylib
0x0000000114556000 	/Users/joanrincon/NetBeansProjects/PenaltyKick/liblwjgl.dylib
0x0000000113e06000 	/Applications/jMonkeyPlatform.app/Contents/Resources/jmonkeyplatform/jdk/jre/lib/libjawt.dylib
0x0000000114c5b000 	/Users/joanrincon/NetBeansProjects/PenaltyKick/openal.dylib
0x0000000115fc4000 	/System/Library/Components/CoreAudio.component/Contents/MacOS/CoreAudio
0x0000000114cde000 	/System/Library/Extensions/AppleHDA.kext/Contents/PlugIns/AppleHDAHALPlugIn.bundle/Contents/MacOS/AppleHDAHALPlugIn
0x0000000114ce7000 	/Applications/jMonkeyPlatform.app/Contents/Resources/jmonkeyplatform/jdk/jre/lib/libjpeg.dylib

VM Arguments:
jvm_args: -Dfile.encoding=UTF-8 
java_command: com.co.penaltykick.principal.Main
Launcher Type: SUN_STANDARD

Environment Variables:
PATH=/usr/bin:/bin:/usr/sbin:/sbin
LD_LIBRARY_PATH=/Applications/jMonkeyPlatform.app/Contents/MacOS/../Resources/jmonkeyplatform/bin/../jdk/jre/lib/amd64:/Applications/jMonkeyPlatform.app/Contents/MacOS/../Resources/jmonkeyplatform/bin/../jdk/jre/lib/i386:
SHELL=/bin/bash

Signal Handlers:
SIGSEGV: [libjvm.dylib+0x525425], sa_mask[0]=0xfffefeff, sa_flags=0x00000043
SIGBUS: [libjvm.dylib+0x525425], sa_mask[0]=0xfffefeff, sa_flags=0x00000042
SIGFPE: [libjvm.dylib+0x41892a], sa_mask[0]=0xfffefeff, sa_flags=0x00000042
SIGPIPE: [libjvm.dylib+0x41892a], sa_mask[0]=0xfffefeff, sa_flags=0x00000042
SIGXFSZ: [libjvm.dylib+0x41892a], sa_mask[0]=0xfffefeff, sa_flags=0x00000042
SIGILL: [libjvm.dylib+0x41892a], sa_mask[0]=0xfffefeff, sa_flags=0x00000042
SIGUSR1: SIG_DFL, sa_mask[0]=0x00000000, sa_flags=0x00000000
SIGUSR2: [libjvm.dylib+0x41841c], sa_mask[0]=0x00000004, sa_flags=0x00000042
SIGHUP: [libjvm.dylib+0x4166ab], sa_mask[0]=0xfffefeff, sa_flags=0x00000042
SIGINT: SIG_IGN, sa_mask[0]=0x00000000, sa_flags=0x00000000
SIGTERM: [libjvm.dylib+0x4166ab], sa_mask[0]=0xfffefeff, sa_flags=0x00000042
SIGQUIT: [libjvm.dylib+0x4166ab], sa_mask[0]=0xfffefeff, sa_flags=0x00000042


---------------  S Y S T E M  ---------------

OS:Bsduname:Darwin 14.5.0 Darwin Kernel Version 14.5.0: Wed Jul 29 02:26:53 PDT 2015; root:xnu-2782.40.9~1/RELEASE_X86_64 x86_64
rlimit: STACK 8192k, CORE 0k, NPROC 709, NOFILE 10240, AS infinity
load average:2.15 2.18 2.18

CPU:total 4 (2 cores per cpu, 2 threads per core) family 6 model 58 stepping 9, cmov, cx8, fxsr, mmx, sse, sse2, sse3, ssse3, sse4.1, sse4.2, popcnt, avx, aes, erms, ht, tsc, tscinvbit, tscinv

Memory: 4k page, physical 4194304k(1048576k free)

/proc/meminfo:


vm_info: Java HotSpot(TM) 64-Bit Server VM (24.51-b03) for bsd-amd64 JRE (1.7.0_51-b13), built on Dec 18 2013 18:45:56 by "java_re" with gcc 4.2.1 (Based on Apple Inc. build 5658) (LLVM build 2336.11.00)

time: Sun Oct 18 19:00:22 2015
elapsed time: 5 seconds

